2025-01-20 21:29:42.766 | INFO     | schedule: Restored 0 scheduled jobs
2025-01-20 21:29:42.767 | INFO     | schedule: Scheduler started
2025-01-20 21:31:01.219 | INFO     | schedule: Scheduling weather with cron: * * * * *
2025-01-20 21:31:01.228 | INFO     | schedule: Successfully scheduled weather
2025-01-20 21:32:00.061 | INFO     | schedule: Starting scheduled execution of weather
2025-01-20 21:33:10.522 | INFO     | schedule: Completed scheduled execution of weather
2025-01-20 21:34:00.085 | INFO     | schedule: Starting scheduled execution of weather
2025-01-20 21:34:05.409 | INFO     | schedule: Completed scheduled execution of weather
2025-01-20 21:35:00.003 | INFO     | schedule: Starting scheduled execution of weather
2025-01-20 21:35:09.425 | INFO     | schedule: Completed scheduled execution of weather
2025-01-20 21:36:00.018 | INFO     | schedule: Starting scheduled execution of weather
2025-01-20 21:36:05.326 | INFO     | schedule: Completed scheduled execution of weather
2025-01-20 21:37:00.031 | INFO     | schedule: Starting scheduled execution of weather
2025-01-20 21:37:07.833 | INFO     | schedule: Completed scheduled execution of weather
2025-01-20 21:38:00.014 | INFO     | schedule: Starting scheduled execution of weather
2025-01-20 21:38:04.719 | INFO     | schedule: Completed scheduled execution of weather
2025-01-20 21:39:00.005 | INFO     | schedule: Starting scheduled execution of weather
2025-01-20 21:39:04.591 | INFO     | schedule: Completed scheduled execution of weather
2025-01-20 21:40:00.005 | INFO     | schedule: Starting scheduled execution of weather
2025-01-20 21:40:05.489 | INFO     | schedule: Completed scheduled execution of weather
2025-01-20 21:41:00.069 | INFO     | schedule: Starting scheduled execution of weather
2025-01-20 21:41:10.164 | INFO     | schedule: Completed scheduled execution of weather
2025-01-20 21:42:00.047 | INFO     | schedule: Starting scheduled execution of weather
2025-01-20 21:42:06.707 | INFO     | schedule: Completed scheduled execution of weather
2025-01-20 21:43:00.034 | INFO     | schedule: Starting scheduled execution of weather
2025-01-20 21:43:10.143 | INFO     | schedule: Completed scheduled execution of weather
2025-01-20 21:44:00.075 | INFO     | schedule: Starting scheduled execution of weather
2025-01-20 21:44:13.263 | INFO     | schedule: Completed scheduled execution of weather
2025-01-20 21:45:00.019 | INFO     | schedule: Starting scheduled execution of weather
2025-01-20 21:45:11.285 | INFO     | schedule: Completed scheduled execution of weather
2025-01-20 21:46:00.008 | INFO     | schedule: Starting scheduled execution of weather
2025-01-20 21:46:05.095 | INFO     | schedule: Completed scheduled execution of weather
2025-01-20 21:47:00.021 | INFO     | schedule: Starting scheduled execution of weather
2025-01-20 21:47:08.614 | INFO     | schedule: Completed scheduled execution of weather
2025-01-20 21:48:00.018 | INFO     | schedule: Starting scheduled execution of weather
2025-01-20 21:48:06.668 | INFO     | schedule: Completed scheduled execution of weather
2025-01-20 21:49:00.005 | INFO     | schedule: Starting scheduled execution of weather
2025-01-20 21:49:04.530 | INFO     | schedule: Completed scheduled execution of weather
2025-01-20 21:50:00.001 | INFO     | schedule: Starting scheduled execution of weather
2025-01-20 21:50:07.716 | INFO     | schedule: Completed scheduled execution of weather
2025-01-20 21:51:00.005 | INFO     | schedule: Starting scheduled execution of weather
2025-01-20 21:51:04.427 | INFO     | schedule: Completed scheduled execution of weather
2025-01-20 21:52:00.003 | INFO     | schedule: Starting scheduled execution of weather
2025-01-20 21:52:00.005 | ERROR    | schedule: Failed scheduled execution of weather: Main script not found at /opt/scripts-store/weather-python/weather/main.py
2025-01-20 21:53:00.028 | INFO     | schedule: Starting scheduled execution of weather
2025-01-20 21:53:00.036 | ERROR    | schedule: Failed scheduled execution of weather: Main script not found at /opt/scripts-store/weather-python/weather/main.py
2025-01-20 21:54:00.024 | INFO     | schedule: Starting scheduled execution of weather
2025-01-20 21:54:00.030 | ERROR    | schedule: Failed scheduled execution of weather: Main script not found at /opt/scripts-store/weather-python/weather/main.py
